INFO [2016-12-12 11:09:53] $x
INFO [2016-12-12 11:09:53] list(`Basal-like` = basal_venn, `Luminal B` = lumb_venn, Her2 = her2_venn, 
INFO [2016-12-12 11:09:53]     `Luminal A` = luma_venn)
INFO [2016-12-12 11:09:53] 
INFO [2016-12-12 11:09:53] $filename
INFO [2016-12-12 11:09:53] paste("III.DMGR_analysis/Figures/Venn_", stage[k], "_gene_region.png", 
INFO [2016-12-12 11:09:53]     sep = "")
INFO [2016-12-12 11:09:53] 
INFO [2016-12-12 11:09:53] $height
INFO [2016-12-12 11:09:53] [1] 3000
INFO [2016-12-12 11:09:53] 
INFO [2016-12-12 11:09:53] $width
INFO [2016-12-12 11:09:53] [1] 2150
INFO [2016-12-12 11:09:53] 
INFO [2016-12-12 11:09:53] $fill
INFO [2016-12-12 11:09:53] c("red", "cyan", "pink", "blue")
INFO [2016-12-12 11:09:53] 
INFO [2016-12-12 11:09:53] $cat.cex
INFO [2016-12-12 11:09:53] rep(1.3, 4)
INFO [2016-12-12 11:09:53] 
INFO [2016-12-12 11:09:53] $margin
INFO [2016-12-12 11:09:53] [1] 0.07
INFO [2016-12-12 11:09:53] 
INFO [2016-12-12 11:09:53] $cex
INFO [2016-12-12 11:09:53] [1] 1.2
INFO [2016-12-12 11:09:53] 
INFO [2016-12-12 11:09:53] $main.cex
INFO [2016-12-12 11:09:53] [1] 2
INFO [2016-12-12 11:09:53] 
