INFO [2017-02-01 13:24:52] $x
INFO [2017-02-01 13:24:52] list(`Basal-like` = basal_venn, `Luminal B` = lumb_venn, Her2 = her2_venn, 
INFO [2017-02-01 13:24:52]     `Luminal A` = luma_venn)
INFO [2017-02-01 13:24:52] 
INFO [2017-02-01 13:24:52] $filename
INFO [2017-02-01 13:24:52] paste("III.DMGR_analysis/Figures/Venn_", stage[k], "_gene_region.png", 
INFO [2017-02-01 13:24:52]     sep = "")
INFO [2017-02-01 13:24:52] 
INFO [2017-02-01 13:24:52] $height
INFO [2017-02-01 13:24:52] [1] 3000
INFO [2017-02-01 13:24:52] 
INFO [2017-02-01 13:24:52] $width
INFO [2017-02-01 13:24:52] [1] 2150
INFO [2017-02-01 13:24:52] 
INFO [2017-02-01 13:24:52] $fill
INFO [2017-02-01 13:24:52] c("red", "cyan", "pink", "blue")
INFO [2017-02-01 13:24:52] 
INFO [2017-02-01 13:24:52] $cat.cex
INFO [2017-02-01 13:24:52] rep(1.3, 4)
INFO [2017-02-01 13:24:52] 
INFO [2017-02-01 13:24:52] $margin
INFO [2017-02-01 13:24:52] [1] 0.07
INFO [2017-02-01 13:24:52] 
INFO [2017-02-01 13:24:52] $cex
INFO [2017-02-01 13:24:52] [1] 1.2
INFO [2017-02-01 13:24:52] 
INFO [2017-02-01 13:24:52] $main.cex
INFO [2017-02-01 13:24:52] [1] 2
INFO [2017-02-01 13:24:52] 
