INFO [2016-12-06 14:19:15] $x
INFO [2016-12-06 14:19:15] list(`Basal-like` = basal_venn)
INFO [2016-12-06 14:19:15] 
INFO [2016-12-06 14:19:15] $filename
INFO [2016-12-06 14:19:15] paste("III.DMGR_analysis/Figures/Venn_", stage[k], "_gene_region.png", 
INFO [2016-12-06 14:19:15]     sep = "")
INFO [2016-12-06 14:19:15] 
INFO [2016-12-06 14:19:15] $height
INFO [2016-12-06 14:19:15] [1] 3000
INFO [2016-12-06 14:19:15] 
INFO [2016-12-06 14:19:15] $width
INFO [2016-12-06 14:19:15] [1] 2150
INFO [2016-12-06 14:19:15] 
INFO [2016-12-06 14:19:15] $fill
INFO [2016-12-06 14:19:15] c("red")
INFO [2016-12-06 14:19:15] 
INFO [2016-12-06 14:19:15] $cat.cex
INFO [2016-12-06 14:19:15] rep(1.3, 1)
INFO [2016-12-06 14:19:15] 
INFO [2016-12-06 14:19:15] $margin
INFO [2016-12-06 14:19:15] [1] 0.07
INFO [2016-12-06 14:19:15] 
INFO [2016-12-06 14:19:15] $cex
INFO [2016-12-06 14:19:15] [1] 1.2
INFO [2016-12-06 14:19:15] 
INFO [2016-12-06 14:19:15] $main.cex
INFO [2016-12-06 14:19:15] [1] 2
INFO [2016-12-06 14:19:15] 
