INFO [2016-12-12 11:57:33] $x
INFO [2016-12-12 11:57:33] list(`Basal-like` = basal_venn, `Luminal B` = lumb_venn, Her2 = her2_venn, 
INFO [2016-12-12 11:57:33]     `Luminal A` = luma_venn)
INFO [2016-12-12 11:57:33] 
INFO [2016-12-12 11:57:33] $filename
INFO [2016-12-12 11:57:33] paste("III.DMGR_analysis/Figures/Venn_", stage[k], "_ucsc_region.png", 
INFO [2016-12-12 11:57:33]     sep = "")
INFO [2016-12-12 11:57:33] 
INFO [2016-12-12 11:57:33] $height
INFO [2016-12-12 11:57:33] [1] 3000
INFO [2016-12-12 11:57:33] 
INFO [2016-12-12 11:57:33] $width
INFO [2016-12-12 11:57:33] [1] 2150
INFO [2016-12-12 11:57:33] 
INFO [2016-12-12 11:57:33] $fill
INFO [2016-12-12 11:57:33] c("red", "cyan", "pink", "blue")
INFO [2016-12-12 11:57:33] 
INFO [2016-12-12 11:57:33] $cat.cex
INFO [2016-12-12 11:57:33] rep(1.3, 4)
INFO [2016-12-12 11:57:33] 
INFO [2016-12-12 11:57:33] $margin
INFO [2016-12-12 11:57:33] [1] 0.07
INFO [2016-12-12 11:57:33] 
INFO [2016-12-12 11:57:33] $cex
INFO [2016-12-12 11:57:33] [1] 1.2
INFO [2016-12-12 11:57:33] 
INFO [2016-12-12 11:57:33] $main.cex
INFO [2016-12-12 11:57:33] [1] 2
INFO [2016-12-12 11:57:33] 
