INFO [2017-02-01 13:28:08] $x
INFO [2017-02-01 13:28:08] list(`Basal-like` = basal_venn, `Luminal B` = lumb_venn, Her2 = her2_venn, 
INFO [2017-02-01 13:28:08]     `Luminal A` = luma_venn)
INFO [2017-02-01 13:28:08] 
INFO [2017-02-01 13:28:08] $filename
INFO [2017-02-01 13:28:08] paste("III.DMGR_analysis/Figures/Venn_", stage[k], "_gene_region.png", 
INFO [2017-02-01 13:28:08]     sep = "")
INFO [2017-02-01 13:28:08] 
INFO [2017-02-01 13:28:08] $height
INFO [2017-02-01 13:28:08] [1] 3000
INFO [2017-02-01 13:28:08] 
INFO [2017-02-01 13:28:08] $width
INFO [2017-02-01 13:28:08] [1] 2150
INFO [2017-02-01 13:28:08] 
INFO [2017-02-01 13:28:08] $fill
INFO [2017-02-01 13:28:08] c("red", "cyan", "pink", "blue")
INFO [2017-02-01 13:28:08] 
INFO [2017-02-01 13:28:08] $cat.cex
INFO [2017-02-01 13:28:08] rep(1.3, 4)
INFO [2017-02-01 13:28:08] 
INFO [2017-02-01 13:28:08] $margin
INFO [2017-02-01 13:28:08] [1] 0.07
INFO [2017-02-01 13:28:08] 
INFO [2017-02-01 13:28:08] $cex
INFO [2017-02-01 13:28:08] [1] 1.2
INFO [2017-02-01 13:28:08] 
INFO [2017-02-01 13:28:08] $main.cex
INFO [2017-02-01 13:28:08] [1] 2
INFO [2017-02-01 13:28:08] 
