INFO [2016-12-12 10:35:07] $x
INFO [2016-12-12 10:35:07] list(`Basal-like` = basal_venn, `Luminal B` = lumb_venn, Her2 = her2_venn, 
INFO [2016-12-12 10:35:07]     `Luminal A` = luma_venn)
INFO [2016-12-12 10:35:07] 
INFO [2016-12-12 10:35:07] $filename
INFO [2016-12-12 10:35:07] paste("III.DMGR_analysis/Figures/Venn_", stage[k], "_gene_region.png", 
INFO [2016-12-12 10:35:07]     sep = "")
INFO [2016-12-12 10:35:07] 
INFO [2016-12-12 10:35:07] $height
INFO [2016-12-12 10:35:07] [1] 3000
INFO [2016-12-12 10:35:07] 
INFO [2016-12-12 10:35:07] $width
INFO [2016-12-12 10:35:07] [1] 2150
INFO [2016-12-12 10:35:07] 
INFO [2016-12-12 10:35:07] $fill
INFO [2016-12-12 10:35:07] c("red", "cyan", "pink", "blue")
INFO [2016-12-12 10:35:07] 
INFO [2016-12-12 10:35:07] $cat.cex
INFO [2016-12-12 10:35:07] rep(1.3, 4)
INFO [2016-12-12 10:35:07] 
INFO [2016-12-12 10:35:07] $margin
INFO [2016-12-12 10:35:07] [1] 0.07
INFO [2016-12-12 10:35:07] 
INFO [2016-12-12 10:35:07] $cex
INFO [2016-12-12 10:35:07] [1] 1.2
INFO [2016-12-12 10:35:07] 
INFO [2016-12-12 10:35:07] $main.cex
INFO [2016-12-12 10:35:07] [1] 2
INFO [2016-12-12 10:35:07] 
