INFO [2016-12-12 10:26:31] $x
INFO [2016-12-12 10:26:31] list(`Basal-like` = basal_venn, `Luminal B` = lumb_venn, Her2 = her2_venn, 
INFO [2016-12-12 10:26:31]     `Luminal A` = luma_venn)
INFO [2016-12-12 10:26:31] 
INFO [2016-12-12 10:26:31] $filename
INFO [2016-12-12 10:26:31] paste("III.DMGR_analysis/Figures/Venn_", stage[k], "_gene_region.png", 
INFO [2016-12-12 10:26:31]     sep = "")
INFO [2016-12-12 10:26:31] 
INFO [2016-12-12 10:26:31] $height
INFO [2016-12-12 10:26:31] [1] 3000
INFO [2016-12-12 10:26:31] 
INFO [2016-12-12 10:26:31] $width
INFO [2016-12-12 10:26:31] [1] 2150
INFO [2016-12-12 10:26:31] 
INFO [2016-12-12 10:26:31] $fill
INFO [2016-12-12 10:26:31] c("red", "cyan", "pink", "blue")
INFO [2016-12-12 10:26:31] 
INFO [2016-12-12 10:26:31] $cat.cex
INFO [2016-12-12 10:26:31] rep(1.3, 4)
INFO [2016-12-12 10:26:31] 
INFO [2016-12-12 10:26:31] $margin
INFO [2016-12-12 10:26:31] [1] 0.07
INFO [2016-12-12 10:26:31] 
INFO [2016-12-12 10:26:31] $cex
INFO [2016-12-12 10:26:31] [1] 1.2
INFO [2016-12-12 10:26:31] 
INFO [2016-12-12 10:26:31] $main.cex
INFO [2016-12-12 10:26:31] [1] 2
INFO [2016-12-12 10:26:31] 
