INFO [2016-12-12 10:39:09] $x
INFO [2016-12-12 10:39:09] list(`Basal-like` = basal_venn, `Luminal B` = lumb_venn, Her2 = her2_venn, 
INFO [2016-12-12 10:39:09]     `Luminal A` = luma_venn)
INFO [2016-12-12 10:39:09] 
INFO [2016-12-12 10:39:09] $filename
INFO [2016-12-12 10:39:09] paste("III.DMGR_analysis/Figures/Venn_", stage[k], "_ucsc_region.png", 
INFO [2016-12-12 10:39:09]     sep = "")
INFO [2016-12-12 10:39:09] 
INFO [2016-12-12 10:39:09] $height
INFO [2016-12-12 10:39:09] [1] 3000
INFO [2016-12-12 10:39:09] 
INFO [2016-12-12 10:39:09] $width
INFO [2016-12-12 10:39:09] [1] 2150
INFO [2016-12-12 10:39:09] 
INFO [2016-12-12 10:39:09] $fill
INFO [2016-12-12 10:39:09] c("red", "cyan", "pink", "blue")
INFO [2016-12-12 10:39:09] 
INFO [2016-12-12 10:39:09] $cat.cex
INFO [2016-12-12 10:39:09] rep(1.3, 4)
INFO [2016-12-12 10:39:09] 
INFO [2016-12-12 10:39:09] $margin
INFO [2016-12-12 10:39:09] [1] 0.07
INFO [2016-12-12 10:39:09] 
INFO [2016-12-12 10:39:09] $cex
INFO [2016-12-12 10:39:09] [1] 1.2
INFO [2016-12-12 10:39:09] 
INFO [2016-12-12 10:39:09] $main.cex
INFO [2016-12-12 10:39:09] [1] 2
INFO [2016-12-12 10:39:09] 
