INFO [2016-12-12 10:37:23] $x
INFO [2016-12-12 10:37:23] list(`Basal-like` = basal_venn, `Luminal B` = lumb_venn, Her2 = her2_venn, 
INFO [2016-12-12 10:37:23]     `Luminal A` = luma_venn)
INFO [2016-12-12 10:37:23] 
INFO [2016-12-12 10:37:23] $filename
INFO [2016-12-12 10:37:23] paste("III.DMGR_analysis/Figures/Venn_", stage[k], "_ucsc_region.png", 
INFO [2016-12-12 10:37:23]     sep = "")
INFO [2016-12-12 10:37:23] 
INFO [2016-12-12 10:37:23] $height
INFO [2016-12-12 10:37:23] [1] 3000
INFO [2016-12-12 10:37:23] 
INFO [2016-12-12 10:37:23] $width
INFO [2016-12-12 10:37:23] [1] 2150
INFO [2016-12-12 10:37:23] 
INFO [2016-12-12 10:37:23] $fill
INFO [2016-12-12 10:37:23] c("red", "cyan", "pink", "blue")
INFO [2016-12-12 10:37:23] 
INFO [2016-12-12 10:37:23] $cat.cex
INFO [2016-12-12 10:37:23] rep(1.3, 4)
INFO [2016-12-12 10:37:23] 
INFO [2016-12-12 10:37:23] $margin
INFO [2016-12-12 10:37:23] [1] 0.07
INFO [2016-12-12 10:37:23] 
INFO [2016-12-12 10:37:23] $cex
INFO [2016-12-12 10:37:23] [1] 1.2
INFO [2016-12-12 10:37:23] 
INFO [2016-12-12 10:37:23] $main.cex
INFO [2016-12-12 10:37:23] [1] 2
INFO [2016-12-12 10:37:23] 
